2018-04-27 23:44 [中证红利]	净值估算为: [31;1m1.0900[0m ; 估算涨幅为: [31;1m+0.00[0m% ; E大浮动盈亏率为: [31;1m+3.37[0m%
2018-04-27 23:44 [建信500]	净值估算为: [32;1m2.2303[0m ; 估算涨幅为: [31;1m+0.21[0m% ; E大浮动盈亏率为: [32;1m-5.27[0m%
2018-04-27 23:44 [中证环保]	净值估算为: [32;1m0.6896[0m ; 估算涨幅为: [31;1m+0.35[0m% ; E大浮动盈亏率为: [32;1m-6.22[0m%
2018-04-27 23:44 [养老产业]	净值估算为: [31;1m1.0732[0m ; 估算涨幅为: [31;1m+0.86[0m% ; E大浮动盈亏率为: [31;1m+11.66[0m%
2018-04-27 23:44 [广发医药]	净值估算为: [31;1m0.9060[0m ; 估算涨幅为: [31;1m+1.90[0m% ; E大浮动盈亏率为: [31;1m+14.27[0m%
2018-04-27 23:44 [中证传媒]	净值估算为: [32;1m0.9204[0m ; 估算涨幅为: [31;1m+0.56[0m% ; E大浮动盈亏率为: [32;1m-7.69[0m%
2018-04-27 23:44 [中证500]	净值估算为: [31;1m0.6273[0m ; 估算涨幅为: [31;1m+0.21[0m% ; E大浮动盈亏率为: [31;1m+0.14[0m%
2018-04-27 23:44 [证券公司]	净值估算为: [32;1m0.9810[0m ; 估算涨幅为: [31;1m+1.48[0m% ; E大浮动盈亏率为: [32;1m-6.34[0m%
2018-04-27 23:44 [创业板指]	净值估算为: [32;1m1.8410[0m ; 估算涨幅为: [31;1m+1.30[0m% ; E大浮动盈亏率为: [32;1m-2.37[0m%
2018-04-27 23:44 [广发创业板]	净值估算为: [31;1m1.0052[0m ; 估算涨幅为: [31;1m+1.30[0m% ; E大浮动盈亏率为: [31;1m+4.57[0m%
2018-04-27 23:44 [泸深300]	净值估算为: [31;1m1.2164[0m ; 估算涨幅为: [31;1m+0.04[0m% ; E大浮动盈亏率为: [31;1m+24.73[0m%
2018-04-27 23:44 [上证50]	净值估算为: [31;1m0.8930[0m ; 估算涨幅为: [32;1m-0.44[0m% ; E大浮动盈亏率为: [31;1m+27.71[0m%
2018-04-27 23:44 [恒生ETF]	净值估算为: [31;1m1.4969[0m ; 估算涨幅为: [31;1m+0.86[0m% ; E大浮动盈亏率为: [31;1m+47.41[0m%
2018-04-27 23:44 [华宝油气]	净值估算为: [31;1m0.6086[0m ; 估算涨幅为: [32;1m-0.23[0m% ; E大浮动盈亏率为: [31;1m+11.15[0m%
2018-04-27 23:44 [石油基金]	净值估算为: [31;1m0.9927[0m ; 估算涨幅为: [32;1m-0.13[0m% ; E大浮动盈亏率为: [31;1m+29.27[0m%
2018-04-27 23:44 [德国DAX]	[33;1m获取不到数据! [0m
2018-04-27 23:44 [7-10国开债]	净值估算为: [31;1m0.9687[0m ; 估算涨幅为: [32;1m-0.01[0m% ; E大浮动盈亏率为: [31;1m+2.84[0m%
2018-04-27 23:44 [博时信用债]	净值估算为: [31;1m1.0648[0m ; 估算涨幅为: [32;1m-0.02[0m% ; E大浮动盈亏率为: [31;1m+2.93[0m%
2018-04-27 23:44 [广发纯债]	净值估算为: [31;1m1.1889[0m ; 估算涨幅为: [32;1m-0.01[0m% ; E大浮动盈亏率为: [31;1m+2.04[0m%
2018-04-27 23:44 [海外收益债]	[33;1m获取不到数据! [0m
2018-04-27 23:44 [黄金ETF]	净值估算为: [32;1m0.9999[0m ; 估算涨幅为: [32;1m-0.25[0m% ; E大浮动盈亏率为: [32;1m-2.88[0m%
2018-04-27 23:44 -------------------- 万恶的分隔线 --------------------
